<?xml version="1.0" encoding="UTF-8"?>
<!-- Generated by org.testng.reporters.JUnitReportReporter -->
<testsuite hostname="LAPTOP-FED90GP4" failures="0" tests="5" name="testcases.OutputTest" time="51.420" errors="0" timestamp="2021-08-11T11:59:16 IST" skipped="0">
  <testcase classname="testcases.OutputTest" name="runtranslate" time="8.309"/>
  <system-out/>
  <testcase classname="testcases.OutputTest" name="runtranslate" time="7.327"/>
  <system-out/>
  <testcase classname="testcases.OutputTest" name="runtranslate" time="15.480"/>
  <system-out/>
  <testcase classname="testcases.OutputTest" name="runtranslate" time="9.657"/>
  <system-out/>
  <testcase classname="testcases.OutputTest" name="runtranslate" time="10.647"/>
  <system-out/>
</testsuite> <!-- testcases.OutputTest -->
