<?xml version="1.0" encoding="UTF-8"?>
<!-- Generated by org.testng.reporters.JUnitReportReporter -->
<testsuite hostname="LAPTOP-FED90GP4" failures="0" tests="5" name="testcases.OutputTest" time="21.729" errors="0" timestamp="2021-08-11T11:23:21 IST" skipped="0">
  <testcase classname="testcases.OutputTest" name="runtranslate" time="4.230"/>
  <system-out/>
  <testcase classname="testcases.OutputTest" name="runtranslate" time="4.573"/>
  <system-out/>
  <testcase classname="testcases.OutputTest" name="runtranslate" time="4.262"/>
  <system-out/>
  <testcase classname="testcases.OutputTest" name="runtranslate" time="4.208"/>
  <system-out/>
  <testcase classname="testcases.OutputTest" name="runtranslate" time="4.456"/>
  <system-out/>
</testsuite> <!-- testcases.OutputTest -->
